<?xml version="1.0" encoding="UTF-8"?>
<!-- Generated by org.testng.reporters.JUnitXMLReporter -->
<testsuite ignored="0" hostname="Arif-PC" failures="1" tests="3" name="Error Test Validtion" time="86.84" errors="0" timestamp="2023-03-22T01:19:02 IST">
  <testcase classname="ArifAcdemy.tests.ErrorValidation" name="LoginEroorVlidation" time="1.701">
    <skipped/>
  </testcase> <!-- LoginEroorVlidation -->
  <testcase classname="ArifAcdemy.tests.ErrorValidation" name="LoginEroorVlidation" time="1.439">
    <failure type="java.lang.AssertionError" message="expected [Incorrect email or password.] but found [Incorrect email  password.]">
      <![CDATA[java.lang.AssertionError: expected [Incorrect email or password.] but found [Incorrect email  password.]
at ArifAcdemy.tests.ErrorValidation.LoginEroorVlidation(ErrorValidation.java:35)
at java.base/java.util.ArrayList.forEach(ArrayList.java:1511)
at java.base/java.util.concurrent.FutureTask.run(FutureTask.java:264)
at java.base/java.util.concurrent.ThreadPoolExecutor.runWorker(ThreadPoolExecutor.java:1136)
at java.base/java.util.concurrent.ThreadPoolExecutor$Worker.run(ThreadPoolExecutor.java:635)
at java.base/java.lang.Thread.run(Thread.java:833)
... Removed 24 stack frames]]>
    </failure>
  </testcase> <!-- LoginEroorVlidation -->
  <testcase classname="ArifAcdemy.tests.ErrorValidation" name="productErrorValidtion" time="7.483"/>
</testsuite> <!-- Error Test Validtion -->
