<?xml version="1.0" encoding="UTF-8"?>
<!-- Generated by org.testng.reporters.JUnitXMLReporter -->
<testsuite hostname="Arif-PC" ignored="0" name="Error Test Validtion" tests="3" failures="1" timestamp="24 Mar 2023 06:24:03 GMT" time="130.367" errors="0">
  <testcase name="LoginEroorVlidation" time="4.96" classname="ArifAcdemy.tests.ErrorValidation">
    <skipped/>
  </testcase> <!-- LoginEroorVlidation -->
  <testcase name="LoginEroorVlidation" time="2.375" classname="ArifAcdemy.tests.ErrorValidation">
    <failure type="java.lang.AssertionError" message="expected [Incorrect email or password.] but found [Incorrect email  password.]">
      <![CDATA[java.lang.AssertionError: expected [Incorrect email or password.] but found [Incorrect email  password.]
at ArifAcdemy.tests.ErrorValidation.LoginEroorVlidation(ErrorValidation.java:35)
at java.util.concurrent.FutureTask.run(FutureTask.java:266)
at java.util.concurrent.ThreadPoolExecutor.runWorker(ThreadPoolExecutor.java:1149)
at java.util.concurrent.ThreadPoolExecutor$Worker.run(ThreadPoolExecutor.java:624)
at java.lang.Thread.run(Thread.java:748)
... Removed 22 stack frames]]>
    </failure>
  </testcase> <!-- LoginEroorVlidation -->
  <testcase name="productErrorValidtion" time="8.063" classname="ArifAcdemy.tests.ErrorValidation"/>
</testsuite> <!-- Error Test Validtion -->
